Arguments: 
  /usr/local/bin/node /Users/tiagobraga/.yarn/bin/yarn.js add --dev -W @babel/cli @babel/core @babel/preset-react @babel/present-env babel-core@7.0.0-bridge.0 babel-loader babel-plugin-styled-components webpack

PATH: 
  /Users/tiagobraga/.rvm/gems/ruby-2.6.3/bin:/Users/tiagobraga/.rvm/gems/ruby-2.6.3@global/bin:/Users/tiagobraga/.rvm/rubies/ruby-2.6.3/bin:/usr/local/opt/ruby/bin:/Users/tiagobraga/.yarn/bin:/Users/tiagobraga/.config/yarn/global/node_modules/.bin:/Users/tiagobraga/bin:/usr/local/bin:/usr/local/bin:/usr/bin:/bin:/usr/sbin:/sbin:/usr/local/share/dotnet:/Library/Apple/usr/bin:/Library/Frameworks/Mono.framework/Versions/Current/Commands:/Users/tiagobraga/.rvm/gems/ruby-2.6.3/bin:/Users/tiagobraga/.rvm/gems/ruby-2.6.3@global/bin:/Users/tiagobraga/.rvm/rubies/ruby-2.6.3/bin:/usr/local/opt/ruby/bin:/Users/tiagobraga/.yarn/bin:/Users/tiagobraga/.config/yarn/global/node_modules/.bin:/Users/tiagobraga/bin:/Users/tiagobraga/Library/Android/sdk/tools:/Users/tiagobraga/Library/Android/sdk/platform-tools:/Users/tiagobraga/.rvm/bin:/Users/tiagobraga/Documents/work/mobile/flutter/bin:/Users/tiagobraga/Library/Android/sdk/tools:/Users/tiagobraga/Library/Android/sdk/platform-tools:/Users/tiagobraga/.rvm/bin:/Users/tiagobraga/Documents/work/mobile/flutter/bin

Yarn version: 
  1.22.0

Node version: 
  10.16.3

Platform: 
  darwin x64

Trace: 
  Error: https://registry.yarnpkg.com/@babel%2fpresent-env: Not found
      at Request.params.callback [as _callback] (/Users/tiagobraga/.yarn/lib/cli.js:66975:18)
      at Request.self.callback (/Users/tiagobraga/.yarn/lib/cli.js:140727:22)
      at Request.emit (events.js:198:13)
      at Request.<anonymous> (/Users/tiagobraga/.yarn/lib/cli.js:141699:10)
      at Request.emit (events.js:198:13)
      at IncomingMessage.<anonymous> (/Users/tiagobraga/.yarn/lib/cli.js:141621:12)
      at Object.onceWrapper (events.js:286:20)
      at IncomingMessage.emit (events.js:203:15)
      at endReadableNT (_stream_readable.js:1145:12)
      at process._tickCallback (internal/process/next_tick.js:63:19)

npm manifest: 
  {
    "name": "root",
    "private": true,
    "workspaces": ["packages/*"],
    "devDependencies": {
      "lerna": "^4.0.0"
    }
  }

yarn manifest: 
  No manifest

Lockfile: 
  No lockfile
